app/build/outputs/logs/manifest-merger-debug-report.txt
-- Merging decision tree log ---
manifest
ADDED from src/main/AndroidManifest.xml:2:1-114:12
INJECTED from src/main/AndroidManifest.xml:2:1-114:12
INJECTED from src/main/AndroidManifest.xml:2:1-114:12
INJECTED from src/main/AndroidManifest.xml:2:1-114:12
MERGED from src/main/AndroidManifest.xml:2:1-114:12
MERGED from [me.jessyan:autosize:1.1.2] AndroidManifest.xml:2:1-19:12
MERGED from [com.jakewharton:butterknife:8.8.1] AndroidManifest.xml:2:1-7:12
MERGED from [com.android.support:design:28.0.0] AndroidManifest.xml:17:1-24:12
MERGED from [com.hjq:toast:8.0] AndroidManifest.xml:2:1-11:12
MERGED from [com.chanven.lib:cptr:1.1.0] AndroidManifest.xml:2:1-16:12
MERGED from [:hmspush] AndroidManifest.xml:2:1-96:12
MERGED from [:easeui] AndroidManifest.xml:2:1-9:12
MERGED from [com.github.bumptech.glide:glide:4.7.1] AndroidManifest.xml:2:1-13:12
MERGED from [com.wuxiaolong.androidutils:androidutils:1.0.6] AndroidManifest.xml:2:1-16:12
MERGED from [com.gyf.immersionbar:immersionbar:2.3.3] AndroidManifest.xml:2:1-10:12
MERGED from [com.jpeng:jpspringmenu:1.0.3] AndroidManifest.xml:2:1-12:12
MERGED from [com.youth.banner:banner:1.4.10] AndroidManifest.xml:2:1-11:12
MERGED from [io.reactivex.rxjava2:rxandroid:2.0.1] AndroidManifest.xml:15:1-21:12
MERGED from [com.orhanobut:logger:2.2.0] AndroidManifest.xml:2:1-8:12
MERGED from [com.scwang.smartrefresh:SmartRefreshLayout:1.1.0-alpha-25] AndroidManifest.xml:2:1-17:12
MERGED from [com.scwang.smartrefresh:SmartRefreshHeader:1.1.0-alpha-25] AndroidManifest.xml:2:1-17:12
MERGED from [com.zyao89:zloading:1.2.0] AndroidManifest.xml:2:1-17:12
MERGED from [com.flyco.roundview:FlycoRoundView_Lib:1.1.2] AndroidManifest.xml:2:1-16:12
MERGED from [com.flyco.tablayout:FlycoTabLayout_Lib:1.5.0] AndroidManifest.xml:2:1-16:12
MERGED from [com.github.CymChad:BaseRecyclerViewAdapterHelper:2.9.30] AndroidManifest.xml:2:1-11:12
MERGED from [com.makeramen:roundedimageview:2.3.0] AndroidManifest.xml:2:1-9:12
MERGED from [de.hdodenhof:circleimageview:3.0.0] AndroidManifest.xml:2:1-11:12
MERGED from [com.android.support:multidex:1.0.1] AndroidManifest.xml:16:1-19:12
MERGED from [:immoudel] AndroidManifest.xml:2:1-561:12
MERGED from [com.facebook.fresco:fresco:2.0.0] AndroidManifest.xml:2:1-9:12
MERGED from [com.zhy:base-rvadapter:3.0.3] AndroidManifest.xml:2:1-12:12
MERGED from [com.android.support:appcompat-v7:28.0.0] AndroidManifest.xml:17:1-22:12
MERGED from [com.android.support:support-fragment:28.0.0] AndroidManifest.xml:17:1-22:12
MERGED from [com.android.support:recyclerview-v7:28.0.0] AndroidManifest.xml:17:1-22:12
MERGED from [com.android.support:animated-vector-drawable:28.0.0] AndroidManifest.xml:17:1-22:12
MERGED from [com.android.support:support-core-ui:28.0.0] AndroidManifest.xml:17:1-22:12
MERGED from [com.android.support:support-core-utils:28.0.0] AndroidManifest.xml:17:1-22:12
MERGED from [com.android.support:transition:28.0.0] AndroidManifest.xml:17:1-22:12
MERGED from [com.android.support:viewpager:28.0.0] AndroidManifest.xml:17:1-22:12
MERGED from [com.android.support:coordinatorlayout:28.0.0] AndroidManifest.xml:17:1-22:12
MERGED from [com.android.support:drawerlayout:28.0.0] AndroidManifest.xml:17:1-22:12
MERGED from [com.android.support:slidingpanelayout:28.0.0] AndroidManifest.xml:17:1-22:12
MERGED from [com.android.support:customview:28.0.0] AndroidManifest.xml:17:1-22:12
MERGED from [com.android.support:swiperefreshlayout:28.0.0] AndroidManifest.xml:17:1-22:12
MERGED from [com.android.support:asynclayoutinflater:28.0.0] AndroidManifest.xml:17:1-22:12
MERGED from [com.android.support:loader:28.0.0] AndroidManifest.xml:17:1-22:12
MERGED from [com.android.support:support-vector-drawable:28.0.0] AndroidManifest.xml:17:1-22:12
MERGED from [com.android.support:support-compat:28.0.0] AndroidManifest.xml:17:1-24:12
MERGED from [com.android.support:cardview-v7:28.0.0] AndroidManifest.xml:17:1-22:12
MERGED from [com.github.bumptech.glide:gifdecoder:4.7.1] AndroidManifest.xml:2:1-11:12
MERGED from [com.android.support:versionedparcelable:28.0.0] AndroidManifest.xml:17:1-25:12
MERGED from [android.arch.lifecycle:runtime:1.1.1] AndroidManifest.xml:17:1-22:12
MERGED from [com.android.support:interpolator:28.0.0] AndroidManifest.xml:17:1-22:12
MERGED from [com.android.support:cursoradapter:28.0.0] AndroidManifest.xml:17:1-22:12
MERGED from [com.android.support:documentfile:28.0.0] AndroidManifest.xml:17:1-22:12
MERGED from [com.android.support:localbroadcastmanager:28.0.0] AndroidManifest.xml:17:1-22:12
MERGED from [com.android.support:print:28.0.0] AndroidManifest.xml:17:1-22:12
MERGED from [android.arch.lifecycle:viewmodel:1.1.1] AndroidManifest.xml:17:1-22:12
MERGED from [android.arch.lifecycle:livedata:1.1.1] AndroidManifest.xml:17:1-22:12
MERGED from [android.arch.lifecycle:livedata-core:1.1.1] AndroidManifest.xml:17:1-22:12
MERGED from [android.arch.core:runtime:1.1.1] AndroidManifest.xml:17:1-22:12
MERGED from [com.facebook.fresco:drawee:2.0.0] AndroidManifest.xml:2:1-9:12
MERGED from [com.facebook.fresco:nativeimagefilters:2.0.0] AndroidManifest.xml:2:1-9:12
MERGED from [com.facebook.fresco:imagepipeline:2.0.0] AndroidManifest.xml:2:1-9:12
MERGED from [com.facebook.fresco:nativeimagetranscoder:2.0.0] AndroidManifest.xml:2:1-9:12
MERGED from [com.facebook.fresco:imagepipeline-base:2.0.0] AndroidManifest.xml:2:1-9:12
MERGED from [com.huawei.android.hms:push:2.6.0.301] AndroidManifest.xml:2:1-9:12
MERGED from [com.facebook.fresco:fbcore:2.0.0] AndroidManifest.xml:2:1-9:12
MERGED from [com.facebook.soloader:soloader:0.6.0] AndroidManifest.xml:2:1-13:12
MERGED from [com.huawei.android.hms:base:2.6.0.301] AndroidManifest.xml:2:1-23:12
INJECTED from src/debug/AndroidManifest.xml:2:1-4:12
INJECTED from src/debug/AndroidManifest.xml:2:1-4:12
INJECTED from src/debug/AndroidManifest.xml:2:1-4:12
	package
		ADDED from src/main/AndroidManifest.xml:4:5-40
		INJECTED from src/main/AndroidManifest.xml
		ADDED from src/main/AndroidManifest.xml:4:5-40
		INJECTED from src/debug/AndroidManifest.xml
	android:versionName
		INJECTED from src/main/AndroidManifest.xml
		ADDED from src/main/AndroidManifest.xml:2:1-114:12
		INJECTED from src/debug/AndroidManifest.xml
	xmlns:tools
		ADDED from src/main/AndroidManifest.xml:3:5-51
		ADDED from src/main/AndroidManifest.xml:3:5-51
	android:versionCode
		INJECTED from src/main/AndroidManifest.xml
		ADDED from src/main/AndroidManifest.xml:2:1-114:12
		INJECTED from src/debug/AndroidManifest.xml
	xmlns:android
		ADDED from src/main/AndroidManifest.xml:2:11-69
uses-permission#android.permission.VIBRATE
ADDED from src/main/AndroidManifest.xml:6:5-66
MERGED from [:immoudel] AndroidManifest.xml:12:5-66
MERGED from [:immoudel] AndroidManifest.xml:12:5-66
	android:name
		ADDED from src/main/AndroidManifest.xml:6:22-63
uses-permission#android.permission.INTERNET
ADDED from src/main/AndroidManifest.xml:7:5-67
MERGED from [:hmspush] AndroidManifest.xml:12:5-67
MERGED from [:hmspush] AndroidManifest.xml:12:5-67
MERGED from [:immoudel] AndroidManifest.xml:13:5-67
MERGED from [:immoudel] AndroidManifest.xml:13:5-67
	android:name
		ADDED from src/main/AndroidManifest.xml:7:22-64
uses-permission#android.permission.RECORD_AUDIO
ADDED from src/main/AndroidManifest.xml:8:5-71
MERGED from [:immoudel] AndroidManifest.xml:14:5-71
MERGED from [:immoudel] AndroidManifest.xml:14:5-71
	android:name
		ADDED from src/main/AndroidManifest.xml:8:22-68
uses-permission#android.permission.CAMERA
ADDED from src/main/AndroidManifest.xml:9:5-65
MERGED from [:immoudel] AndroidManifest.xml:15:5-65
MERGED from [:immoudel] AndroidManifest.xml:15:5-65
	android:name
		ADDED from src/main/AndroidManifest.xml:9:22-62
uses-permission#android.permission.ACCESS_NETWORK_STATE
ADDED from src/main/AndroidManifest.xml:10:5-79
MERGED from [:hmspush] AndroidManifest.xml:16:5-79
MERGED from [:hmspush] AndroidManifest.xml:16:5-79
MERGED from [:immoudel] AndroidManifest.xml:16:5-79
MERGED from [:immoudel] AndroidManifest.xml:16:5-79
	android:name
		ADDED from src/main/AndroidManifest.xml:10:22-76
uses-permission#android.permission.WRITE_EXTERNAL_STORAGE
ADDED from src/main/AndroidManifest.xml:11:5-81
MERGED from [:hmspush] AndroidManifest.xml:14:5-81
MERGED from [:hmspush] AndroidManifest.xml:14:5-81
MERGED from [:immoudel] AndroidManifest.xml:18:5-81
MERGED from [:immoudel] AndroidManifest.xml:18:5-81
	android:name
		ADDED from src/main/AndroidManifest.xml:11:22-78
uses-permission#android.permission.MOUNT_UNMOUNT_FILESYSTEMS
ADDED from src/main/AndroidManifest.xml:12:5-13:47
MERGED from [:immoudel] AndroidManifest.xml:19:5-84
MERGED from [:immoudel] AndroidManifest.xml:19:5-84
	tools:ignore
		ADDED from src/main/AndroidManifest.xml:13:9-44
	android:name
		ADDED from src/main/AndroidManifest.xml:12:22-81
uses-permission#android.permission.ACCESS_FINE_LOCATION
ADDED from src/main/AndroidManifest.xml:14:5-79
MERGED from [:immoudel] AndroidManifest.xml:20:5-79
MERGED from [:immoudel] AndroidManifest.xml:20:5-79
	android:name
		ADDED from src/main/AndroidManifest.xml:14:22-76
uses-permission#android.permission.GET_TASKS
ADDED from src/main/AndroidManifest.xml:15:5-68
MERGED from [:immoudel] AndroidManifest.xml:21:5-68
MERGED from [:immoudel] AndroidManifest.xml:21:5-68
	android:name
		ADDED from src/main/AndroidManifest.xml:15:22-65
uses-permission#android.permission.ACCESS_WIFI_STATE
ADDED from src/main/AndroidManifest.xml:16:5-76
MERGED from [:hmspush] AndroidManifest.xml:18:5-76
MERGED from [:hmspush] AndroidManifest.xml:18:5-76
MERGED from [:immoudel] AndroidManifest.xml:22:5-76
MERGED from [:immoudel] AndroidManifest.xml:22:5-76
	android:name
		ADDED from src/main/AndroidManifest.xml:16:22-73
uses-permission#android.permission.CHANGE_WIFI_STATE
ADDED from src/main/AndroidManifest.xml:17:5-76
MERGED from [:immoudel] AndroidManifest.xml:23:5-76
MERGED from [:immoudel] AndroidManifest.xml:23:5-76
	android:name
		ADDED from src/main/AndroidManifest.xml:17:22-73
uses-permission#android.permission.WAKE_LOCK
ADDED from src/main/AndroidManifest.xml:18:5-68
MERGED from [:immoudel] AndroidManifest.xml:24:5-68
MERGED from [:immoudel] AndroidManifest.xml:24:5-68
	android:name
		ADDED from src/main/AndroidManifest.xml:18:22-65
uses-permission#android.permission.MODIFY_AUDIO_SETTINGS
ADDED from src/main/AndroidManifest.xml:19:5-80
MERGED from [:immoudel] AndroidManifest.xml:25:5-80
MERGED from [:immoudel] AndroidManifest.xml:25:5-80
	android:name
		ADDED from src/main/AndroidManifest.xml:19:22-77
uses-permission#android.permission.READ_PHONE_STATE
ADDED from src/main/AndroidManifest.xml:20:5-75
MERGED from [:hmspush] AndroidManifest.xml:20:5-75
MERGED from [:hmspush] AndroidManifest.xml:20:5-75
MERGED from [:immoudel] AndroidManifest.xml:26:5-75
MERGED from [:immoudel] AndroidManifest.xml:26:5-75
	android:name
		ADDED from src/main/AndroidManifest.xml:20:22-72
uses-permission#android.permission.RECEIVE_BOOT_COMPLETED
ADDED from src/main/AndroidManifest.xml:21:5-81
MERGED from [:immoudel] AndroidManifest.xml:27:5-81
MERGED from [:immoudel] AndroidManifest.xml:27:5-81
	android:name
		ADDED from src/main/AndroidManifest.xml:21:22-78
application
ADDED from src/main/AndroidManifest.xml:24:5-112:19
MERGED from [me.jessyan:autosize:1.1.2] AndroidManifest.xml:11:5-17:19
MERGED from [me.jessyan:autosize:1.1.2] AndroidManifest.xml:11:5-17:19
MERGED from [com.android.support:design:28.0.0] AndroidManifest.xml:22:5-20
MERGED from [com.android.support:design:28.0.0] AndroidManifest.xml:22:5-20
MERGED from [com.chanven.lib:cptr:1.1.0] AndroidManifest.xml:11:5-14:19
MERGED from [com.chanven.lib:cptr:1.1.0] AndroidManifest.xml:11:5-14:19
MERGED from [:hmspush] AndroidManifest.xml:22:5-94:19
MERGED from [:hmspush] AndroidManifest.xml:22:5-94:19
MERGED from [com.github.bumptech.glide:glide:4.7.1] AndroidManifest.xml:11:5-20
MERGED from [com.github.bumptech.glide:glide:4.7.1] AndroidManifest.xml:11:5-20
MERGED from [com.wuxiaolong.androidutils:androidutils:1.0.6] AndroidManifest.xml:11:5-14:38
MERGED from [com.wuxiaolong.androidutils:androidutils:1.0.6] AndroidManifest.xml:11:5-14:38
MERGED from [com.scwang.smartrefresh:SmartRefreshLayout:1.1.0-alpha-25] AndroidManifest.xml:11:5-15:19
MERGED from [com.scwang.smartrefresh:SmartRefreshLayout:1.1.0-alpha-25] AndroidManifest.xml:11:5-15:19
MERGED from [com.scwang.smartrefresh:SmartRefreshHeader:1.1.0-alpha-25] AndroidManifest.xml:11:5-15:19
MERGED from [com.scwang.smartrefresh:SmartRefreshHeader:1.1.0-alpha-25] AndroidManifest.xml:11:5-15:19
MERGED from [com.zyao89:zloading:1.2.0] AndroidManifest.xml:11:5-15:19
MERGED from [com.zyao89:zloading:1.2.0] AndroidManifest.xml:11:5-15:19
MERGED from [com.flyco.roundview:FlycoRoundView_Lib:1.1.2] AndroidManifest.xml:11:5-14:19
MERGED from [com.flyco.roundview:FlycoRoundView_Lib:1.1.2] AndroidManifest.xml:11:5-14:19
MERGED from [com.flyco.tablayout:FlycoTabLayout_Lib:1.5.0] AndroidManifest.xml:11:5-14:19
MERGED from [com.flyco.tablayout:FlycoTabLayout_Lib:1.5.0] AndroidManifest.xml:11:5-14:19
MERGED from [de.hdodenhof:circleimageview:3.0.0] AndroidManifest.xml:9:5-20
MERGED from [de.hdodenhof:circleimageview:3.0.0] AndroidManifest.xml:9:5-20
MERGED from [:immoudel] AndroidManifest.xml:72:5-559:19
MERGED from [:immoudel] AndroidManifest.xml:72:5-559:19
MERGED from [com.android.support:support-compat:28.0.0] AndroidManifest.xml:22:5-94
MERGED from [com.android.support:support-compat:28.0.0] AndroidManifest.xml:22:5-94
MERGED from [com.github.bumptech.glide:gifdecoder:4.7.1] AndroidManifest.xml:9:5-20
MERGED from [com.github.bumptech.glide:gifdecoder:4.7.1] AndroidManifest.xml:9:5-20
MERGED from [com.android.support:versionedparcelable:28.0.0] AndroidManifest.xml:22:5-23:19
MERGED from [com.android.support:versionedparcelable:28.0.0] AndroidManifest.xml:22:5-23:19
MERGED from [com.facebook.soloader:soloader:0.6.0] AndroidManifest.xml:11:5-20
MERGED from [com.facebook.soloader:soloader:0.6.0] AndroidManifest.xml:11:5-20
MERGED from [com.huawei.android.hms:base:2.6.0.301] AndroidManifest.xml:9:5-21:19
MERGED from [com.huawei.android.hms:base:2.6.0.301] AndroidManifest.xml:9:5-21:19
	android:appComponentFactory
		ADDED from [com.android.support:support-compat:28.0.0] AndroidManifest.xml:22:18-91
	android:supportsRtl
		ADDED from src/main/AndroidManifest.xml:31:9-35
	android:label
		ADDED from src/main/AndroidManifest.xml:28:9-41
	android:roundIcon
		ADDED from src/main/AndroidManifest.xml:30:9-49
	android:icon
		ADDED from src/main/AndroidManifest.xml:27:9-44
	android:allowBackup
		ADDED from src/main/AndroidManifest.xml:26:9-35
	android:theme
		ADDED from src/main/AndroidManifest.xml:32:9-40
	android:networkSecurityConfig
		ADDED from src/main/AndroidManifest.xml:29:9-69
	android:usesCleartextTraffic
		ADDED from [:immoudel] AndroidManifest.xml:74:9-44
	android:name
		ADDED from src/main/AndroidManifest.xml:25:9-42
meta-data#android.notch_support
ADDED from src/main/AndroidManifest.xml:33:9-35:36
	android:value
		ADDED from src/main/AndroidManifest.xml:35:13-33
	android:name
		ADDED from src/main/AndroidManifest.xml:34:13-49
meta-data#notch.config
ADDED from src/main/AndroidManifest.xml:36:9-38:50
	android:value
		ADDED from src/main/AndroidManifest.xml:38:13-47
	android:name
		ADDED from src/main/AndroidManifest.xml:37:13-40
meta-data#design_width_in_dp
ADDED from src/main/AndroidManifest.xml:39:9-41:35
	android:value
		ADDED from src/main/AndroidManifest.xml:41:13-32
	android:name
		ADDED from src/main/AndroidManifest.xml:40:13-46
meta-data#design_height_in_dp
ADDED from src/main/AndroidManifest.xml:42:9-44:35
	android:value
		ADDED from src/main/AndroidManifest.xml:44:13-32
	android:name
		ADDED from src/main/AndroidManifest.xml:43:13-47
meta-data#EASEMOB_APPKEY
ADDED from src/main/AndroidManifest.xml:46:9-96
	android:value
		ADDED from src/main/AndroidManifest.xml:46:51-93
	android:name
		ADDED from src/main/AndroidManifest.xml:46:20-49
service#com.hyphenate.chat.EMChatService
ADDED from src/main/AndroidManifest.xml:48:9-91
	android:exported
		ADDED from src/main/AndroidManifest.xml:48:66-89
	android:name
		ADDED from src/main/AndroidManifest.xml:48:18-65
service#com.hyphenate.chat.EMJobService
ADDED from src/main/AndroidManifest.xml:49:9-52:15
	android:exported
		ADDED from src/main/AndroidManifest.xml:51:13-36
	android:permission
		ADDED from src/main/AndroidManifest.xml:50:13-69
	android:name
		ADDED from src/main/AndroidManifest.xml:49:18-64
receiver#com.hyphenate.chat.EMMonitorReceiver
ADDED from src/main/AndroidManifest.xml:54:9-64:20
	android:name
		ADDED from src/main/AndroidManifest.xml:54:19-70
intent-filter#action:name:android.intent.action.PACKAGE_REMOVED+data:scheme:package
ADDED from src/main/AndroidManifest.xml:55:13-58:29
action#android.intent.action.PACKAGE_REMOVED
ADDED from src/main/AndroidManifest.xml:56:17-79
	android:name
		ADDED from src/main/AndroidManifest.xml:56:25-77
data
ADDED from src/main/AndroidManifest.xml:57:17-49
	android:scheme
		ADDED from src/main/AndroidManifest.xml:57:23-47
intent-filter#action:name:android.intent.action.BOOT_COMPLETED+action:name:android.intent.action.USER_PRESENT
ADDED from src/main/AndroidManifest.xml:60:13-63:29
action#android.intent.action.BOOT_COMPLETED
ADDED from src/main/AndroidManifest.xml:61:17-78
	android:name
		ADDED from src/main/AndroidManifest.xml:61:25-76
action#android.intent.action.USER_PRESENT
ADDED from src/main/AndroidManifest.xml:62:17-77
	android:name
		ADDED from src/main/AndroidManifest.xml:62:25-74
activity#com.lfc.zhihuidangjianapp.ui.activity.Act_Login
ADDED from src/main/AndroidManifest.xml:65:9-71:20
	android:name
		ADDED from src/main/AndroidManifest.xml:65:19-56
intent-filter#action:name:android.intent.action.MAIN+category:name:android.intent.category.LAUNCHER
ADDED from src/main/AndroidManifest.xml:66:13-70:29
action#android.intent.action.MAIN
ADDED from src/main/AndroidManifest.xml:67:17-69
	android:name
		ADDED from src/main/AndroidManifest.xml:67:25-66
category#android.intent.category.LAUNCHER
ADDED from src/main/AndroidManifest.xml:69:17-77
	android:name
		ADDED from src/main/AndroidManifest.xml:69:27-74
activity#com.lfc.zhihuidangjianapp.ui.activity.Act_Main
ADDED from src/main/AndroidManifest.xml:72:9-74:15
	android:label
		ADDED from src/main/AndroidManifest.xml:73:13-46
	android:name
		ADDED from src/main/AndroidManifest.xml:72:19-55
activity#com.lfc.zhihuidangjianapp.ui.activity.fgt.home.act.Act_AnnouncementList
ADDED from src/main/AndroidManifest.xml:75:9-77:61
	android:label
		ADDED from src/main/AndroidManifest.xml:77:13-58
	android:name
		ADDED from src/main/AndroidManifest.xml:76:13-74
activity#com.lfc.zhihuidangjianapp.ui.activity.fgt.home.act.Act_Announcement
ADDED from src/main/AndroidManifest.xml:78:9-80:57
	android:label
		ADDED from src/main/AndroidManifest.xml:80:13-54
	android:name
		ADDED from src/main/AndroidManifest.xml:79:13-70
activity#com.lfc.zhihuidangjianapp.ui.activity.fgt.personal.act.Act_SetUpc
ADDED from src/main/AndroidManifest.xml:81:9-83:51
	android:label
		ADDED from src/main/AndroidManifest.xml:83:13-48
	android:name
		ADDED from src/main/AndroidManifest.xml:82:13-68
activity#com.lfc.zhihuidangjianapp.ui.activity.fgt.home.act.Act_PartyBuildingMatrix
ADDED from src/main/AndroidManifest.xml:84:9-86:64
	android:label
		ADDED from src/main/AndroidManifest.xml:86:13-61
	android:name
		ADDED from src/main/AndroidManifest.xml:85:13-77
activity#com.lfc.zhihuidangjianapp.ui.activity.fgt.home.act.Act_WebView
ADDED from src/main/AndroidManifest.xml:87:9-89:52
	android:label
		ADDED from src/main/AndroidManifest.xml:89:13-49
	android:name
		ADDED from src/main/AndroidManifest.xml:88:13-65
activity#com.lfc.zhihuidangjianapp.ui.activity.fgt.personal.act.Act_WeeklyReport
ADDED from src/main/AndroidManifest.xml:90:9-92:57
	android:label
		ADDED from src/main/AndroidManifest.xml:92:13-54
	android:name
		ADDED from src/main/AndroidManifest.xml:91:13-74
activity#com.lfc.zhihuidangjianapp.ui.activity.fgt.partyaffairs.act.Act_Meeting
ADDED from src/main/AndroidManifest.xml:93:9-95:15
	android:label
		ADDED from src/main/AndroidManifest.xml:94:13-49
	android:name
		ADDED from src/main/AndroidManifest.xml:93:19-79
activity#com.lfc.zhihuidangjianapp.ui.activity.fgt.home.act.Act_Emulate
ADDED from src/main/AndroidManifest.xml:96:9-98:15
	android:label
		ADDED from src/main/AndroidManifest.xml:97:13-49
	android:name
		ADDED from src/main/AndroidManifest.xml:96:19-71
activity#com.lfc.zhihuidangjianapp.ui.activity.fgt.home.act.Act_Demonstration_Leadership
ADDED from src/main/AndroidManifest.xml:99:9-101:15
	android:label
		ADDED from src/main/AndroidManifest.xml:100:13-66
	android:name
		ADDED from src/main/AndroidManifest.xml:99:19-88
activity#com.lfc.zhihuidangjianapp.ui.activity.fgt.home.act.Act_Party_membershipDues
ADDED from src/main/AndroidManifest.xml:102:9-104:15
	android:label
		ADDED from src/main/AndroidManifest.xml:103:13-62
	android:name
		ADDED from src/main/AndroidManifest.xml:102:19-84
activity#com.lfc.zhihuidangjianapp.ui.activity.fgt.partyaffairs.act.Act_Mail_list
ADDED from src/main/AndroidManifest.xml:105:9-107:15
	android:label
		ADDED from src/main/AndroidManifest.xml:106:13-51
	android:name
		ADDED from src/main/AndroidManifest.xml:105:19-81
activity#com.lfc.zhihuidangjianapp.ui.activity.fgt.partyaffairs.act.Act_InviteList
ADDED from src/main/AndroidManifest.xml:108:9-109:51
	android:label
		ADDED from src/main/AndroidManifest.xml:109:13-49
	android:name
		ADDED from src/main/AndroidManifest.xml:108:19-82
activity#com.lfc.zhihuidangjianapp.ui.activity.fgt.home.act.Act_TitleDetails
ADDED from src/main/AndroidManifest.xml:110:9-111:56
	android:label
		ADDED from src/main/AndroidManifest.xml:111:13-54
	android:name
		ADDED from src/main/AndroidManifest.xml:110:19-76
uses-sdk
INJECTED from src/main/AndroidManifest.xml reason: use-sdk injection requested
INJECTED from src/main/AndroidManifest.xml
INJECTED from src/main/AndroidManifest.xml
MERGED from [me.jessyan:autosize:1.1.2] AndroidManifest.xml:7:5-9:41
MERGED from [me.jessyan:autosize:1.1.2] AndroidManifest.xml:7:5-9:41
MERGED from [com.jakewharton:butterknife:8.8.1] AndroidManifest.xml:5:5-43
MERGED from [com.jakewharton:butterknife:8.8.1] AndroidManifest.xml:5:5-43
MERGED from [com.android.support:design:28.0.0] AndroidManifest.xml:20:5-44
MERGED from [com.android.support:design:28.0.0] AndroidManifest.xml:20:5-44
MERGED from [com.hjq:toast:8.0] AndroidManifest.xml:7:5-9:41
MERGED from [com.hjq:toast:8.0] AndroidManifest.xml:7:5-9:41
MERGED from [com.chanven.lib:cptr:1.1.0] AndroidManifest.xml:7:5-9:41
MERGED from [com.chanven.lib:cptr:1.1.0] AndroidManifest.xml:7:5-9:41
MERGED from [:hmspush] AndroidManifest.xml:7:5-9:41
MERGED from [:hmspush] AndroidManifest.xml:7:5-9:41
MERGED from [:easeui] AndroidManifest.xml:5:5-7:41
MERGED from [:easeui] AndroidManifest.xml:5:5-7:41
MERGED from [com.github.bumptech.glide:glide:4.7.1] AndroidManifest.xml:7:5-9:41
MERGED from [com.github.bumptech.glide:glide:4.7.1] AndroidManifest.xml:7:5-9:41
MERGED from [com.wuxiaolong.androidutils:androidutils:1.0.6] AndroidManifest.xml:7:5-9:41
MERGED from [com.wuxiaolong.androidutils:androidutils:1.0.6] AndroidManifest.xml:7:5-9:41
MERGED from [com.gyf.immersionbar:immersionbar:2.3.3] AndroidManifest.xml:6:5-8:41
MERGED from [com.gyf.immersionbar:immersionbar:2.3.3] AndroidManifest.xml:6:5-8:41
MERGED from [com.jpeng:jpspringmenu:1.0.3] AndroidManifest.xml:8:5-10:41
MERGED from [com.jpeng:jpspringmenu:1.0.3] AndroidManifest.xml:8:5-10:41
MERGED from [com.youth.banner:banner:1.4.10] AndroidManifest.xml:7:5-9:41
MERGED from [com.youth.banner:banner:1.4.10] AndroidManifest.xml:7:5-9:41
MERGED from [io.reactivex.rxjava2:rxandroid:2.0.1] AndroidManifest.xml:19:5-43
MERGED from [io.reactivex.rxjava2:rxandroid:2.0.1] AndroidManifest.xml:19:5-43
MERGED from [com.orhanobut:logger:2.2.0] AndroidManifest.xml:6:5-43
MERGED from [com.orhanobut:logger:2.2.0] AndroidManifest.xml:6:5-43
MERGED from [com.scwang.smartrefresh:SmartRefreshLayout:1.1.0-alpha-25] AndroidManifest.xml:7:5-9:41
MERGED from [com.scwang.smartrefresh:SmartRefreshLayout:1.1.0-alpha-25] AndroidManifest.xml:7:5-9:41
MERGED from [com.scwang.smartrefresh:SmartRefreshHeader:1.1.0-alpha-25] AndroidManifest.xml:7:5-9:41
MERGED from [com.scwang.smartrefresh:SmartRefreshHeader:1.1.0-alpha-25] AndroidManifest.xml:7:5-9:41
MERGED from [com.zyao89:zloading:1.2.0] AndroidManifest.xml:7:5-9:41
MERGED from [com.zyao89:zloading:1.2.0] AndroidManifest.xml:7:5-9:41
MERGED from [com.flyco.roundview:FlycoRoundView_Lib:1.1.2] AndroidManifest.xml:7:5-9:41
MERGED from [com.flyco.roundview:FlycoRoundView_Lib:1.1.2] AndroidManifest.xml:7:5-9:41
MERGED from [com.flyco.tablayout:FlycoTabLayout_Lib:1.5.0] AndroidManifest.xml:7:5-9:41
MERGED from [com.flyco.tablayout:FlycoTabLayout_Lib:1.5.0] AndroidManifest.xml:7:5-9:41
MERGED from [com.github.CymChad:BaseRecyclerViewAdapterHelper:2.9.30] AndroidManifest.xml:7:5-9:41
MERGED from [com.github.CymChad:BaseRecyclerViewAdapterHelper:2.9.30] AndroidManifest.xml:7:5-9:41
MERGED from [com.makeramen:roundedimageview:2.3.0] AndroidManifest.xml:7:5-43
MERGED from [com.makeramen:roundedimageview:2.3.0] AndroidManifest.xml:7:5-43
MERGED from [de.hdodenhof:circleimageview:3.0.0] AndroidManifest.xml:5:5-7:41
MERGED from [de.hdodenhof:circleimageview:3.0.0] AndroidManifest.xml:5:5-7:41
MERGED from [com.android.support:multidex:1.0.1] AndroidManifest.xml:18:5-42
MERGED from [com.android.support:multidex:1.0.1] AndroidManifest.xml:18:5-42
MERGED from [:immoudel] AndroidManifest.xml:8:5-10:41
MERGED from [:immoudel] AndroidManifest.xml:8:5-10:41
MERGED from [com.facebook.fresco:fresco:2.0.0] AndroidManifest.xml:5:5-7:41
MERGED from [com.facebook.fresco:fresco:2.0.0] AndroidManifest.xml:5:5-7:41
MERGED from [com.zhy:base-rvadapter:3.0.3] AndroidManifest.xml:8:5-10:41
MERGED from [com.zhy:base-rvadapter:3.0.3] AndroidManifest.xml:8:5-10:41
MERGED from [com.android.support:appcompat-v7:28.0.0] AndroidManifest.xml:20:5-44
MERGED from [com.android.support:appcompat-v7:28.0.0] AndroidManifest.xml:20:5-44
MERGED from [com.android.support:support-fragment:28.0.0] AndroidManifest.xml:20:5-44
MERGED from [com.android.support:support-fragment:28.0.0] AndroidManifest.xml:20:5-44
MERGED from [com.android.support:recyclerview-v7:28.0.0] AndroidManifest.xml:20:5-44
MERGED from [com.android.support:recyclerview-v7:28.0.0] AndroidManifest.xml:20:5-44
MERGED from [com.android.support:animated-vector-drawable:28.0.0] AndroidManifest.xml:20:5-44
MERGED from [com.android.support:animated-vector-drawable:28.0.0] AndroidManifest.xml:20:5-44
MERGED from [com.android.support:support-core-ui:28.0.0] AndroidManifest.xml:20:5-44
MERGED from [com.android.support:support-core-ui:28.0.0] AndroidManifest.xml:20:5-44
MERGED from [com.android.support:support-core-utils:28.0.0] AndroidManifest.xml:20:5-44
MERGED from [com.android.support:support-core-utils:28.0.0] AndroidManifest.xml:20:5-44
MERGED from [com.android.support:transition:28.0.0] AndroidManifest.xml:20:5-44
MERGED from [com.android.support:transition:28.0.0] AndroidManifest.xml:20:5-44
MERGED from [com.android.support:viewpager:28.0.0] AndroidManifest.xml:20:5-44
MERGED from [com.android.support:viewpager:28.0.0] AndroidManifest.xml:20:5-44
MERGED from [com.android.support:coordinatorlayout:28.0.0] AndroidManifest.xml:20:5-44
MERGED from [com.android.support:coordinatorlayout:28.0.0] AndroidManifest.xml:20:5-44
MERGED from [com.android.support:drawerlayout:28.0.0] AndroidManifest.xml:20:5-44
MERGED from [com.android.support:drawerlayout:28.0.0] AndroidManifest.xml:20:5-44
MERGED from [com.android.support:slidingpanelayout:28.0.0] AndroidManifest.xml:20:5-44
MERGED from [com.android.support:slidingpanelayout:28.0.0] AndroidManifest.xml:20:5-44
MERGED from [com.android.support:customview:28.0.0] AndroidManifest.xml:20:5-44
MERGED from [com.android.support:customview:28.0.0] AndroidManifest.xml:20:5-44
MERGED from [com.android.support:swiperefreshlayout:28.0.0] AndroidManifest.xml:20:5-44
MERGED from [com.android.support:swiperefreshlayout:28.0.0] AndroidManifest.xml:20:5-44
MERGED from [com.android.support:asynclayoutinflater:28.0.0] AndroidManifest.xml:20:5-44
MERGED from [com.android.support:asynclayoutinflater:28.0.0] AndroidManifest.xml:20:5-44
MERGED from [com.android.support:loader:28.0.0] AndroidManifest.xml:20:5-44
MERGED from [com.android.support:loader:28.0.0] AndroidManifest.xml:20:5-44
MERGED from [com.android.support:support-vector-drawable:28.0.0] AndroidManifest.xml:20:5-44
MERGED from [com.android.support:support-vector-drawable:28.0.0] AndroidManifest.xml:20:5-44
MERGED from [com.android.support:support-compat:28.0.0] AndroidManifest.xml:20:5-44
MERGED from [com.android.support:support-compat:28.0.0] AndroidManifest.xml:20:5-44
MERGED from [com.android.support:cardview-v7:28.0.0] AndroidManifest.xml:20:5-44
MERGED from [com.android.support:cardview-v7:28.0.0] AndroidManifest.xml:20:5-44
MERGED from [com.github.bumptech.glide:gifdecoder:4.7.1] AndroidManifest.xml:5:5-7:41
MERGED from [com.github.bumptech.glide:gifdecoder:4.7.1] AndroidManifest.xml:5:5-7:41
MERGED from [com.android.support:versionedparcelable:28.0.0] AndroidManifest.xml:20:5-44
MERGED from [com.android.support:versionedparcelable:28.0.0] AndroidManifest.xml:20:5-44
MERGED from [android.arch.lifecycle:runtime:1.1.1] AndroidManifest.xml:20:5-44
MERGED from [android.arch.lifecycle:runtime:1.1.1] AndroidManifest.xml:20:5-44
MERGED from [com.android.support:interpolator:28.0.0] AndroidManifest.xml:20:5-44
MERGED from [com.android.support:interpolator:28.0.0] AndroidManifest.xml:20:5-44
MERGED from [com.android.support:cursoradapter:28.0.0] AndroidManifest.xml:20:5-44
MERGED from [com.android.support:cursoradapter:28.0.0] AndroidManifest.xml:20:5-44
MERGED from [com.android.support:documentfile:28.0.0] AndroidManifest.xml:20:5-44
MERGED from [com.android.support:documentfile:28.0.0] AndroidManifest.xml:20:5-44